<?xml version="1.0" encoding="UTF-8"?>
<!-- Generated by org.testng.reporters.JUnitReportReporter -->
<testsuite hostname="DEVPC13" name="ru.st.selenium.testSuites.onlineTestSuite.OnlineElementsPresentTest" tests="1" failures="0" timestamp="3 Apr 2017 02:36:43 GMT" time="8.664" errors="0">
  <testcase name="VideoStreamOnlineTest" time="8.664" classname="ru.st.selenium.testSuites.onlineTestSuite.OnlineElementsPresentTest"/>
</testsuite> <!-- ru.st.selenium.testSuites.onlineTestSuite.OnlineElementsPresentTest -->
