<?xml version="1.0" encoding="UTF-8"?>
<!-- Generated by org.testng.reporters.JUnitReportReporter -->
<testsuite hostname="Anton" name="ru.st.selenium.testSuites.backEndTestSuite.AddNewPhotoGallery" tests="1" failures="0" timestamp="7 Jan 2018 00:47:33 GMT" time="47.934" errors="0">
  <testcase name="addNewPhotoGallery" time="47.934" classname="ru.st.selenium.testSuites.backEndTestSuite.AddNewPhotoGallery"/>
</testsuite> <!-- ru.st.selenium.testSuites.backEndTestSuite.AddNewPhotoGallery -->
