<?xml version="1.0" encoding="UTF-8"?>
<!-- Generated by org.testng.reporters.JUnitReportReporter -->
<testsuite hostname="Anton" name="ru.st.selenium.testSuites.backEndTestSuite.AdminAccountEntry" tests="3" failures="0" timestamp="7 Jan 2018 00:47:33 GMT" time="60.499" errors="0">
  <testcase name="adminAccountEntryWithNotExistingUser" time="14.863" classname="ru.st.selenium.testSuites.backEndTestSuite.AdminAccountEntry"/>
  <testcase name="adminAccountEntryWithExistingUser" time="28.817" classname="ru.st.selenium.testSuites.backEndTestSuite.AdminAccountEntry"/>
  <testcase name="adminAccountEntryWithBlankUser" time="16.819" classname="ru.st.selenium.testSuites.backEndTestSuite.AdminAccountEntry"/>
</testsuite> <!-- ru.st.selenium.testSuites.backEndTestSuite.AdminAccountEntry -->
