<?xml version="1.0" encoding="UTF-8"?>
<!-- Generated by org.testng.reporters.JUnitReportReporter -->
<testsuite hostname="DEVPC13" name="ru.st.selenium.testSuites.onlineTestSuite.ExpandScreenButtonTest" tests="1" failures="0" timestamp="3 Apr 2017 02:23:59 GMT" time="91.877" errors="0">
  <testcase name="ExpandScreenButtonTest1" time="91.877" classname="ru.st.selenium.testSuites.onlineTestSuite.ExpandScreenButtonTest"/>
</testsuite> <!-- ru.st.selenium.testSuites.onlineTestSuite.ExpandScreenButtonTest -->
