<?xml version="1.0" encoding="UTF-8"?>
<!-- Generated by org.testng.reporters.JUnitReportReporter -->
<testsuite hostname="Anton" name="ru.st.selenium.testSuites.backEndTestSuite.UploadingPhoto" tests="1" failures="0" timestamp="7 Jan 2018 00:47:33 GMT" time="29.320" errors="0">
  <testcase name="adminAccountEntryWithExistingUser" time="29.320" classname="ru.st.selenium.testSuites.backEndTestSuite.UploadingPhoto"/>
</testsuite> <!-- ru.st.selenium.testSuites.backEndTestSuite.UploadingPhoto -->
