<?xml version="1.0" encoding="UTF-8"?>
<!-- Generated by org.testng.reporters.JUnitReportReporter -->
<testsuite hostname="Anton" name="ru.st.selenium.testSuites.frontEndTestSuite.NewUserRegistration" tests="1" failures="0" timestamp="7 Jan 2018 00:47:33 GMT" time="59.320" errors="0">
  <testcase name="registrationOfNewUserTest" time="59.320" classname="ru.st.selenium.testSuites.frontEndTestSuite.NewUserRegistration"/>
</testsuite> <!-- ru.st.selenium.testSuites.frontEndTestSuite.NewUserRegistration -->
