<?xml version="1.0" encoding="UTF-8"?>
<!-- Generated by org.testng.reporters.JUnitReportReporter -->
<testsuite hostname="DEVPC13" name="ru.st.selenium.testSuites.archivePageTestSuite.ChangeDownloadTimeTest" tests="1" failures="0" timestamp="3 Apr 2017 02:23:58 GMT" time="28.739" errors="0">
  <testcase name="ChangeDownloadTimeTest1" time="28.739" classname="ru.st.selenium.testSuites.archivePageTestSuite.ChangeDownloadTimeTest"/>
</testsuite> <!-- ru.st.selenium.testSuites.archivePageTestSuite.ChangeDownloadTimeTest -->
