<?xml version="1.0" encoding="UTF-8"?>
<!-- Generated by org.testng.reporters.JUnitReportReporter -->
<testsuite hostname="Anton" name="ru.st.selenium.testSuites.backEndTestSuite.AddNewMenuItems" tests="1" failures="0" timestamp="7 Jan 2018 00:47:33 GMT" time="34.494" errors="0">
  <testcase name="addNewMenuItem" time="34.494" classname="ru.st.selenium.testSuites.backEndTestSuite.AddNewMenuItems"/>
</testsuite> <!-- ru.st.selenium.testSuites.backEndTestSuite.AddNewMenuItems -->
