<?xml version="1.0" encoding="UTF-8"?>
<!-- Generated by org.testng.reporters.JUnitReportReporter -->
<testsuite hostname="DEVPC13" name="ru.st.selenium.testSuites.archivePageTestSuite.DefaultSettingsTest" tests="1" failures="0" timestamp="3 Apr 2017 02:23:59 GMT" time="29.656" errors="0">
  <testcase name="DefaultSettingsTest1" time="29.656" classname="ru.st.selenium.testSuites.archivePageTestSuite.DefaultSettingsTest"/>
</testsuite> <!-- ru.st.selenium.testSuites.archivePageTestSuite.DefaultSettingsTest -->
