<?xml version="1.0" encoding="UTF-8"?>
<!-- Generated by org.testng.reporters.JUnitReportReporter -->
<testsuite hostname="DEVPC13" name="ru.st.selenium.testSuites.localizationSuite.EnglishLocalizationTest" tests="2" failures="0" timestamp="5 Apr 2017 06:06:09 GMT" time="27.400" errors="0">
  <testcase name="AzebarjanLocalizationTest" time="19.282" classname="ru.st.selenium.testSuites.localizationSuite.EnglishLocalizationTest"/>
  <testcase name="EnglishLocalizationTest" time="8.118" classname="ru.st.selenium.testSuites.localizationSuite.EnglishLocalizationTest"/>
</testsuite> <!-- ru.st.selenium.testSuites.localizationSuite.EnglishLocalizationTest -->
