<?xml version="1.0" encoding="UTF-8"?>
<!-- Generated by org.testng.reporters.JUnitReportReporter -->
<testsuite hostname="Anton" name="ru.st.selenium.testSuites.frontEndTestSuite.AllPagesAreLoadingTest" tests="1" failures="0" timestamp="7 Jan 2018 00:47:33 GMT" time="21.048" errors="0">
  <testcase name="allPagesAreLoadingTest" time="21.048" classname="ru.st.selenium.testSuites.frontEndTestSuite.AllPagesAreLoadingTest"/>
</testsuite> <!-- ru.st.selenium.testSuites.frontEndTestSuite.AllPagesAreLoadingTest -->
