<?xml version="1.0" encoding="UTF-8"?>
<!-- Generated by org.testng.reporters.JUnitReportReporter -->
<testsuite hostname="DEVPC13" name="ru.st.selenium.LoginTest" tests="1" failures="0" timestamp="8 Feb 2017 03:05:37 GMT" time="8.905" errors="0">
  <testcase name="AtestLoginOK" time="8.905" classname="ru.st.selenium.LoginTest"/>
</testsuite> <!-- ru.st.selenium.LoginTest -->
