<?xml version="1.0" encoding="UTF-8"?>
<!-- Generated by org.testng.reporters.JUnitReportReporter -->
<testsuite hostname="DEVPC13" name="ru.st.selenium.testSuites.observersPageTestSuite.ObserversElementsPresentTest" tests="1" failures="0" timestamp="3 Apr 2017 02:23:58 GMT" time="8.126" errors="0">
  <testcase name="ObserversCalendarTest" time="8.126" classname="ru.st.selenium.testSuites.observersPageTestSuite.ObserversElementsPresentTest"/>
</testsuite> <!-- ru.st.selenium.testSuites.observersPageTestSuite.ObserversElementsPresentTest -->
