<?xml version="1.0" encoding="UTF-8"?>
<!-- Generated by org.testng.reporters.JUnitReportReporter -->
<testsuite hostname="Anton" name="ru.st.selenium.testSuites.frontEndTestSuite.AccountEntryTest" tests="2" failures="0" timestamp="7 Jan 2018 00:47:33 GMT" time="71.588" errors="0">
  <testcase name="accountEntryWithExistingUser" time="63.917" classname="ru.st.selenium.testSuites.frontEndTestSuite.AccountEntryTest"/>
  <testcase name="accountEntryWithNotExistingUser" time="7.671" classname="ru.st.selenium.testSuites.frontEndTestSuite.AccountEntryTest"/>
</testsuite> <!-- ru.st.selenium.testSuites.frontEndTestSuite.AccountEntryTest -->
