<?xml version="1.0" encoding="UTF-8"?>
<!-- Generated by org.testng.reporters.JUnitReportReporter -->
<testsuite hostname="Anton" name="ru.st.selenium.testSuites.backEndTestSuite.AddNewProductItem" tests="1" failures="0" timestamp="7 Jan 2018 00:47:33 GMT" time="44.860" errors="0">
  <testcase name="addNewNewsItem" time="44.860" classname="ru.st.selenium.testSuites.backEndTestSuite.AddNewProductItem"/>
</testsuite> <!-- ru.st.selenium.testSuites.backEndTestSuite.AddNewProductItem -->
