<?xml version="1.0" encoding="UTF-8"?>
<!-- Generated by org.testng.reporters.JUnitReportReporter -->
<testsuite hostname="DEVPC13" name="ru.st.selenium.VideoStreamOnlineTest" tests="1" failures="0" timestamp="8 Feb 2017 03:32:49 GMT" time="10.305" errors="0">
  <testcase name="AtestLoginOK" time="10.305" classname="ru.st.selenium.VideoStreamOnlineTest"/>
</testsuite> <!-- ru.st.selenium.VideoStreamOnlineTest -->
