<?xml version="1.0" encoding="UTF-8"?>
<!-- Generated by org.testng.reporters.JUnitReportReporter -->
<testsuite hostname="DEVPC13" name="ru.st.selenium.testSuites.onlineTestSuite.CameraTreeLowerButtonsTest" tests="1" failures="0" timestamp="3 Apr 2017 02:23:58 GMT" time="18.937" errors="0">
  <testcase name="CameraTreeLowerButtonsTest1" time="18.937" classname="ru.st.selenium.testSuites.onlineTestSuite.CameraTreeLowerButtonsTest"/>
</testsuite> <!-- ru.st.selenium.testSuites.onlineTestSuite.CameraTreeLowerButtonsTest -->
