<?xml version="1.0" encoding="UTF-8"?>
<!-- Generated by org.testng.reporters.JUnitReportReporter -->
<testsuite hostname="DEVPC13" name="ru.st.selenium.testSuites.onlineTestSuite.CameraTreeUpperButtonsTest" tests="1" failures="0" timestamp="3 Apr 2017 02:23:59 GMT" time="95.280" errors="0">
  <testcase name="CameraTreeUpperButtonsTest1" time="95.280" classname="ru.st.selenium.testSuites.onlineTestSuite.CameraTreeUpperButtonsTest"/>
</testsuite> <!-- ru.st.selenium.testSuites.onlineTestSuite.CameraTreeUpperButtonsTest -->
