<?xml version="1.0" encoding="UTF-8"?>
<!-- Generated by org.testng.reporters.JUnitReportReporter -->
<testsuite hostname="DEVPC13" name="ru.st.selenium.testSuites.onlineTestSuite.VideoStreamOnlineTest" tests="2" failures="0" timestamp="3 Apr 2017 02:36:43 GMT" time="257.651" errors="0">
  <testcase name="VideoStreamOnlineTest2" time="128.840" classname="ru.st.selenium.testSuites.onlineTestSuite.VideoStreamOnlineTest"/>
  <testcase name="VideoStreamOnlineTest1" time="128.811" classname="ru.st.selenium.testSuites.onlineTestSuite.VideoStreamOnlineTest"/>
</testsuite> <!-- ru.st.selenium.testSuites.onlineTestSuite.VideoStreamOnlineTest -->
