<?xml version="1.0" encoding="UTF-8"?>
<!-- Generated by org.testng.reporters.JUnitReportReporter -->
<testsuite hostname="DEVPC13" name="ru.st.selenium.testSuites.archivePageTestSuite.ArchiveCalendarTest" tests="1" failures="0" timestamp="3 Apr 2017 02:23:59 GMT" time="62.917" errors="0">
  <testcase name="ArchiveCalendarTest1" time="62.917" classname="ru.st.selenium.testSuites.archivePageTestSuite.ArchiveCalendarTest"/>
</testsuite> <!-- ru.st.selenium.testSuites.archivePageTestSuite.ArchiveCalendarTest -->
