<?xml version="1.0" encoding="UTF-8"?>
<!-- Generated by org.testng.reporters.JUnitReportReporter -->
<testsuite hostname="DEVPC13" name="ru.st.selenium.testSuites.localizationSuite.RussianLocalizationTest" tests="1" failures="0" timestamp="3 Apr 2017 02:23:58 GMT" time="37.435" errors="0">
  <testcase name="RussianLocalizationTest" time="37.435" classname="ru.st.selenium.testSuites.localizationSuite.RussianLocalizationTest"/>
</testsuite> <!-- ru.st.selenium.testSuites.localizationSuite.RussianLocalizationTest -->
