<?xml version="1.0" encoding="UTF-8"?>
<!-- Generated by org.testng.reporters.JUnitReportReporter -->
<testsuite hostname="DEVPC13" name="ru.st.selenium.testSuites.archivePageTestSuite.ArchivePlayingTest" tests="1" failures="1" timestamp="3 Apr 2017 02:23:59 GMT" time="0.000" errors="0">
  <testcase name="archivePlayingTest1" time="0.000" classname="ru.st.selenium.testSuites.archivePageTestSuite.ArchivePlayingTest">
    <failure type="java.io.IOException" message="Start audio capture failed">
      <![CDATA[java.io.IOException: Start audio capture failed
	at org.monte.screenrecorder.ScreenRecorder.start(ScreenRecorder.java:514)
	at ru.st.selenium.applogic2.VideoRecord2.startRecording(VideoRecord2.java:16)
	at ru.st.selenium.testSuites.paymentTestSuite.PayRandomAmountTest.mayBeLogout(PayRandomAmountTest.java:15)
	at sun.reflect.NativeMethodAccessorImpl.invoke0(Native Method)
	at sun.reflect.NativeMethodAccessorImpl.invoke(NativeMethodAccessorImpl.java:62)
	at sun.reflect.DelegatingMethodAccessorImpl.invoke(DelegatingMethodAccessorImpl.java:43)
	at java.lang.reflect.Method.invoke(Method.java:498)
	at org.testng.internal.MethodInvocationHelper.invokeMethod(MethodInvocationHelper.java:80)
	at org.testng.internal.Invoker.invokeConfigurationMethod(Invoker.java:564)
	at org.testng.internal.Invoker.invokeConfigurations(Invoker.java:213)
	at org.testng.internal.Invoker.invokeMethod(Invoker.java:653)
	at org.testng.internal.Invoker.invokeTestMethod(Invoker.java:901)
	at org.testng.internal.Invoker.invokeTestMethods(Invoker.java:1231)
	at org.testng.internal.TestMethodWorker.invokeTestMethods(TestMethodWorker.java:127)
	at org.testng.internal.TestMethodWorker.run(TestMethodWorker.java:111)
	at org.testng.TestRunner.privateRun(TestRunner.java:767)
	at org.testng.TestRunner.run(TestRunner.java:617)
	at org.testng.SuiteRunner.runTest(SuiteRunner.java:334)
	at org.testng.SuiteRunner.runSequentially(SuiteRunner.java:329)
	at org.testng.SuiteRunner.privateRun(SuiteRunner.java:291)
	at org.testng.SuiteRunner.run(SuiteRunner.java:240)
	at org.testng.SuiteRunnerWorker.runSuite(SuiteRunnerWorker.java:52)
	at org.testng.SuiteRunnerWorker.run(SuiteRunnerWorker.java:86)
	at org.testng.TestNG.runSuitesSequentially(TestNG.java:1198)
	at org.testng.TestNG.runSuitesLocally(TestNG.java:1123)
	at org.testng.TestNG.run(TestNG.java:1031)
	at org.apache.maven.surefire.testng.TestNGExecutor.run(TestNGExecutor.java:178)
	at org.apache.maven.surefire.testng.TestNGXmlTestSuite.execute(TestNGXmlTestSuite.java:92)
	at org.apache.maven.surefire.testng.TestNGProvider.invoke(TestNGProvider.java:96)
	at sun.reflect.NativeMethodAccessorImpl.invoke0(Native Method)
	at sun.reflect.NativeMethodAccessorImpl.invoke(NativeMethodAccessorImpl.java:62)
	at sun.reflect.DelegatingMethodAccessorImpl.invoke(DelegatingMethodAccessorImpl.java:43)
	at java.lang.reflect.Method.invoke(Method.java:498)
	at org.apache.maven.surefire.util.ReflectionUtils.invokeMethodWithArray(ReflectionUtils.java:189)
	at org.apache.maven.surefire.booter.ProviderFactory$ProviderProxy.invoke(ProviderFactory.java:165)
	at org.apache.maven.surefire.booter.ProviderFactory.invokeProvider(ProviderFactory.java:85)
	at org.apache.maven.surefire.booter.ForkedBooter.runSuitesInProcess(ForkedBooter.java:115)
	at org.apache.maven.surefire.booter.ForkedBooter.main(ForkedBooter.java:75)
Caused by: javax.sound.sampled.LineUnavailableException: line with format PCM_SIGNED 48000.0 Hz, 16 bit, stereo, 4 bytes/frame, big-endian not supported.
	at com.sun.media.sound.DirectAudioDevice$DirectDL.implOpen(DirectAudioDevice.java:513)
	at com.sun.media.sound.AbstractDataLine.open(AbstractDataLine.java:121)
	at com.sun.media.sound.AbstractDataLine.open(AbstractDataLine.java:413)
	at org.monte.screenrecorder.ScreenRecorder$AudioGrabber.<init>(ScreenRecorder.java:1009)
	at org.monte.screenrecorder.ScreenRecorder.startAudioCapture(ScreenRecorder.java:928)
	at org.monte.screenrecorder.ScreenRecorder.start(ScreenRecorder.java:512)
	... 37 more
]]>
    </failure>
  </testcase> <!-- archivePlayingTest1 -->
</testsuite> <!-- ru.st.selenium.testSuites.archivePageTestSuite.ArchivePlayingTest -->
