<?xml version="1.0" encoding="UTF-8"?>
<!-- Generated by org.testng.reporters.JUnitReportReporter -->
<testsuite hostname="Anton" name="ru.st.selenium.testSuites.frontEndTestSuite.DeleteUserFromDataBase" tests="1" failures="0" timestamp="7 Jan 2018 00:47:33 GMT" time="30.152" errors="0">
  <testcase name="deleteUserFromDataBase" time="30.152" classname="ru.st.selenium.testSuites.frontEndTestSuite.DeleteUserFromDataBase"/>
</testsuite> <!-- ru.st.selenium.testSuites.frontEndTestSuite.DeleteUserFromDataBase -->
